<?xml version="1.0" encoding="UTF-8"?>
<!-- Generated by org.testng.reporters.JUnitReportReporter -->
<testsuite skipped="0" hostname="DESKTOP-ROCT2T7" name="com.VerifyContent.testcases.VerifyContent" tests="3" failures="0" timestamp="2020-09-19T20:09:18 CDT" time="7.612" errors="0">
  <testcase name="openUrl" time="2.053" classname="com.VerifyContent.testcases.VerifyContent"/>
  <system-out/>
  <testcase name="checkContent" time="5.458" classname="com.VerifyContent.testcases.VerifyContent"/>
  <system-out/>
  <testcase name="checkInvalidContent" time="0.101" classname="com.VerifyContent.testcases.VerifyContent"/>
  <system-out/>
</testsuite> <!-- com.VerifyContent.testcases.VerifyContent -->
